<?xml version="1.0" encoding="UTF-8"?>
<testsuite xmlns:xsi="http://www.w3.org/2001/XMLSchema-instance" xsi:noNamespaceSchemaLocation="https://maven.apache.org/surefire/maven-surefire-plugin/xsd/surefire-test-report-3.0.xsd" version="3.0" name="TestSuite" time="14.341" tests="1" errors="0" skipped="0" failures="0">
  <properties>
[...]
</properties>
  <testcase name="deletOrder" classname="com.endToendEcommerce.DeletedOrder" time="12.523">
    <system-out><![CDATA[Request method:	POST
Request URI:	https://rahulshettyacademy.com/api/ecom/auth/login
Proxy:			<none>
Request params:	<none>
Query params:	<none>
Form params:	<none>
Path params:	<none>
Headers:		Accept=*/*
				Content-Type=application/json
Cookies:		<none>
Multiparts:		<none>
Body:
{
    "userEmail": "postman39@gmail.com",
    "userPassword": "Hello@123"
}
userId is : 661d94bda86f8f74dcc2b83d
Message is : Login Successfully
Token is : eyJhbGciOiJIUzI1NiIsInR5cCI6IkpXVCJ9.eyJfaWQiOiI2NjFkOTRiZGE4NmY4Zjc0ZGNjMmI4M2QiLCJ1c2VyRW1haWwiOiJwb3N0bWFuMzlAZ21haWwuY29tIiwidXNlck1vYmlsZSI6MzQ2NTY3ODk2NSwidXNlclJvbGUiOiJjdXN0b21lciIsImlhdCI6MTcxMzU0NDM4NiwiZXhwIjoxNzQ1MTAxOTg2fQ.MBXWVS9cLKLkP-4pwK3DtrakTK7XcXxouTZ-A57UtLk
Request method:	POST
Request URI:	https://rahulshettyacademy.com/api/ecom/product/add-product/
Proxy:			<none>
Request params:	productName=Tablet
				productAddedBy=661d94bda86f8f74dcc2b83d
				productCategory=fashion
				productSubCategory=shirts
				productPrice=11500
				productDescription=Addias Originals
				productFor=women
Query params:	<none>
Form params:	<none>
Path params:	<none>
Headers:		Authorization=eyJhbGciOiJIUzI1NiIsInR5cCI6IkpXVCJ9.eyJfaWQiOiI2NjFkOTRiZGE4NmY4Zjc0ZGNjMmI4M2QiLCJ1c2VyRW1haWwiOiJwb3N0bWFuMzlAZ21haWwuY29tIiwidXNlck1vYmlsZSI6MzQ2NTY3ODk2NSwidXNlclJvbGUiOiJjdXN0b21lciIsImlhdCI6MTcxMzU0NDM4NiwiZXhwIjoxNzQ1MTAxOTg2fQ.MBXWVS9cLKLkP-4pwK3DtrakTK7XcXxouTZ-A57UtLk
				Accept=*/*
				Content-Type=multipart/form-data
Cookies:		<none>
Multiparts:		------------
				Content-Disposition: form-data; name = productImage; filename = Tablet.png
				Content-Type: application/octet-stream

				C:\Users\Mallukinnis\OneDrive\Desktop\Tablet.png
Body:			<none>
productId is  : 66229cc6a86f8f74dcc7ebdc
Message2 is : Product Added Successfully
Request method:	POST
Request URI:	https://rahulshettyacademy.com/api/ecom/order/create-order
Proxy:			<none>
Request params:	<none>
Query params:	<none>
Form params:	<none>
Path params:	<none>
Headers:		authorization=eyJhbGciOiJIUzI1NiIsInR5cCI6IkpXVCJ9.eyJfaWQiOiI2NjFkOTRiZGE4NmY4Zjc0ZGNjMmI4M2QiLCJ1c2VyRW1haWwiOiJwb3N0bWFuMzlAZ21haWwuY29tIiwidXNlck1vYmlsZSI6MzQ2NTY3ODk2NSwidXNlclJvbGUiOiJjdXN0b21lciIsImlhdCI6MTcxMzU0NDM4NiwiZXhwIjoxNzQ1MTAxOTg2fQ.MBXWVS9cLKLkP-4pwK3DtrakTK7XcXxouTZ-A57UtLk
				Accept=*/*
				Content-Type=application/json
Cookies:		<none>
Multiparts:		<none>
Body:
{
    "orders": [
        {
            "country": "Austria",
            "productOrderedId": "66229cc6a86f8f74dcc7ebdc"
        }
    ]
}
HTTP/1.1 201 Created
Date: Fri, 19 Apr 2024 16:33:12 GMT
Server: Apache/2.4.52 (Ubuntu)
Content-Security-Policy: default-src 'self';base-uri 'self';block-all-mixed-content;font-src 'self' https: data:;frame-ancestors 'self';img-src 'self' data:;object-src 'none';script-src 'self';script-src-attr 'none';style-src 'self' https: 'unsafe-inline';upgrade-insecure-requests
X-DNS-Prefetch-Control: off
Expect-CT: max-age=0
X-Frame-Options: SAMEORIGIN
Strict-Transport-Security: max-age=15552000; includeSubDomains
X-Download-Options: noopen
X-Content-Type-Options: nosniff
X-Permitted-Cross-Domain-Policies: none
Referrer-Policy: no-referrer
X-XSS-Protection: 0
Access-Control-Allow-Origin: *
Content-Type: application/json; charset=utf-8
Content-Length: 123
ETag: W/"7b-va1acRH0dgYS8UpFAYTIih+giac"
Vary: Accept-Encoding
Keep-Alive: timeout=5, max=100
Connection: Keep-Alive

{
    "orders": [
        "66229cc8a86f8f74dcc7ebe0"
    ],
    "productOrderId": [
        "66229cc6a86f8f74dcc7ebdc"
    ],
    "message": "Order Placed Successfully"
}
The orderId is : 66229cc8a86f8f74dcc7ebe0
Request method:	DELETE
Request URI:	https://rahulshettyacademy.com/api/ecom/product/delete-product/66229cc6a86f8f74dcc7ebdc
Proxy:			<none>
Request params:	<none>
Query params:	<none>
Form params:	<none>
Path params:	productId=66229cc6a86f8f74dcc7ebdc
Headers:		authorization=eyJhbGciOiJIUzI1NiIsInR5cCI6IkpXVCJ9.eyJfaWQiOiI2NjFkOTRiZGE4NmY4Zjc0ZGNjMmI4M2QiLCJ1c2VyRW1haWwiOiJwb3N0bWFuMzlAZ21haWwuY29tIiwidXNlck1vYmlsZSI6MzQ2NTY3ODk2NSwidXNlclJvbGUiOiJjdXN0b21lciIsImlhdCI6MTcxMzU0NDM4NiwiZXhwIjoxNzQ1MTAxOTg2fQ.MBXWVS9cLKLkP-4pwK3DtrakTK7XcXxouTZ-A57UtLk
				Accept=*/*
				Content-Type=application/json
Cookies:		<none>
Multiparts:		<none>
Body:			<none>
HTTP/1.1 200 OK
Date: Fri, 19 Apr 2024 16:33:13 GMT
Server: Apache/2.4.52 (Ubuntu)
Content-Security-Policy: default-src 'self';base-uri 'self';block-all-mixed-content;font-src 'self' https: data:;frame-ancestors 'self';img-src 'self' data:;object-src 'none';script-src 'self';script-src-attr 'none';style-src 'self' https: 'unsafe-inline';upgrade-insecure-requests
X-DNS-Prefetch-Control: off
Expect-CT: max-age=0
X-Frame-Options: SAMEORIGIN
Strict-Transport-Security: max-age=15552000; includeSubDomains
X-Download-Options: noopen
X-Content-Type-Options: nosniff
X-Permitted-Cross-Domain-Policies: none
Referrer-Policy: no-referrer
X-XSS-Protection: 0
Access-Control-Allow-Origin: *
Content-Type: application/json; charset=utf-8
Content-Length: 42
ETag: W/"2a-2mOwR6FOFcYds+NaVy6wWIOyKCY"
Vary: Accept-Encoding
Keep-Alive: timeout=5, max=100
Connection: Keep-Alive

{
    "message": "Product Deleted Successfully"
}
Request method:	DELETE
Request URI:	https://rahulshettyacademy.com/api/ecom/order/delete-order/66229cc8a86f8f74dcc7ebe0
Proxy:			<none>
Request params:	<none>
Query params:	<none>
Form params:	<none>
Path params:	orderId=66229cc8a86f8f74dcc7ebe0
Headers:		authorization=eyJhbGciOiJIUzI1NiIsInR5cCI6IkpXVCJ9.eyJfaWQiOiI2NjFkOTRiZGE4NmY4Zjc0ZGNjMmI4M2QiLCJ1c2VyRW1haWwiOiJwb3N0bWFuMzlAZ21haWwuY29tIiwidXNlck1vYmlsZSI6MzQ2NTY3ODk2NSwidXNlclJvbGUiOiJjdXN0b21lciIsImlhdCI6MTcxMzU0NDM4NiwiZXhwIjoxNzQ1MTAxOTg2fQ.MBXWVS9cLKLkP-4pwK3DtrakTK7XcXxouTZ-A57UtLk
				Accept=*/*
				Content-Type=application/json
Cookies:		<none>
Multiparts:		<none>
Body:			<none>
HTTP/1.1 200 OK
Date: Fri, 19 Apr 2024 16:33:14 GMT
Server: Apache/2.4.52 (Ubuntu)
Content-Security-Policy: default-src 'self';base-uri 'self';block-all-mixed-content;font-src 'self' https: data:;frame-ancestors 'self';img-src 'self' data:;object-src 'none';script-src 'self';script-src-attr 'none';style-src 'self' https: 'unsafe-inline';upgrade-insecure-requests
X-DNS-Prefetch-Control: off
Expect-CT: max-age=0
X-Frame-Options: SAMEORIGIN
Strict-Transport-Security: max-age=15552000; includeSubDomains
X-Download-Options: noopen
X-Content-Type-Options: nosniff
X-Permitted-Cross-Domain-Policies: none
Referrer-Policy: no-referrer
X-XSS-Protection: 0
Access-Control-Allow-Origin: *
Content-Type: application/json; charset=utf-8
Content-Length: 41
ETag: W/"29-bffoZhIu2/PhrYGwacnOeGY9WaM"
Vary: Accept-Encoding
Keep-Alive: timeout=5, max=100
Connection: Keep-Alive

{
    "message": "Orders Deleted Successfully"
}
]]></system-out>
  </testcase>
</testsuite>