<?xml version="1.0" encoding="UTF-8"?>
<testng-results ignored="0" total="1" passed="1" failed="0" skipped="0">
  <reporter-output>
  </reporter-output>
  <suite started-at="2024-04-19T10:17:41 GMT-06:00" name="Suite" finished-at="2024-04-19T10:17:57 GMT-06:00" duration-ms="15549">
    <groups>
    </groups>
    <test started-at="2024-04-19T10:17:41 GMT-06:00" name="Test" finished-at="2024-04-19T10:17:57 GMT-06:00" duration-ms="15549">
      <class name="com.endToendEcommerce.DeletedOrder">
        <test-method signature="deletOrder()[pri:0, instance:com.endToendEcommerce.DeletedOrder@2d0399f4]" started-at="2024-04-19T10:17:42 GMT-06:00" name="deletOrder" finished-at="2024-04-19T10:17:57 GMT-06:00" duration-ms="15462" status="PASS">
          <reporter-output>
          </reporter-output>
        </test-method> <!-- deletOrder -->
      </class> <!-- com.endToendEcommerce.DeletedOrder -->
    </test> <!-- Test -->
  </suite> <!-- Suite -->
</testng-results>
